<?xml version="1.0" encoding="UTF-8"?>
<testng-results ignored="0" total="1" passed="1" failed="0" skipped="0">
  <reporter-output>
  </reporter-output>
  <suite started-at="2025-12-31T16:15:23 IST" name="Default suite" finished-at="2025-12-31T16:15:26 IST" duration-ms="2994">
    <groups>
    </groups>
    <test started-at="2025-12-31T16:15:23 IST" name="Default test" finished-at="2025-12-31T16:15:26 IST" duration-ms="2994">
      <class name="package1.LaunchGoogle">
        <test-method signature="verifyTitle()[pri:0, instance:package1.LaunchGoogle@7b2bbc3]" started-at="2025-12-31T16:15:23 IST" name="verifyTitle" finished-at="2025-12-31T16:15:26 IST" duration-ms="2955" status="PASS">
          <reporter-output>
          </reporter-output>
        </test-method> <!-- verifyTitle -->
      </class> <!-- package1.LaunchGoogle -->
    </test> <!-- Default test -->
  </suite> <!-- Default suite -->
</testng-results>
